湖南爱晚,http://phoneqq.qing.mgtv.com/nn_live/nn_x64/dWlwPTEwNi4xNC4zOC41NSZ0ZXJtPTUmcWlkPSZyYXV0aF9lbmFibGU9b2ZmJmNkbmV4X2lkPXFxX3Bob25lX2xpdmUmY2hzPSZkZWY9MSZzPWY1Y2Q3ODI2ZmJlMGZjZWY5MmNkOGI4YzUxMWY5OWZkJnVpZD0mdXVpZD00Zjg2Njc0N2JkZWVjY2NiZWQ5YTNmZjEwMWU1OTkyMi02YTBlMjYzNyZ2PTImYXM9MCZlcz0xNzgwOTA1NjA0/HNGGMPP360.m3u8
湖南都市,http://phoneqq.qing.mgtv.com/nn_live/nn_x64/dWlwPTEwNi4xNC4zOC41NSZ0ZXJtPTUmcWlkPSZyYXV0aF9lbmFibGU9b2ZmJmNkbmV4X2lkPXFxX3Bob25lX2xpdmUmY2hzPSZkZWY9MSZzPTU2NjYwYzRlM2U1MzY0MGJjMDc1M2Y2OTE4NTFkYmYzJnVpZD0mdXVpZD02NTc5Nzk5NmM2ZGRlY2ViMjhiYjQ5MDhjYTljMzg1YS02YTBlMjYzNyZ2PTImYXM9MCZlcz0xNzgwOTA1NjIw/HNDSMPP360.m3u8
湖南娱乐频道,http://phoneqq.qing.mgtv.com/nn_live/nn_x64/dWlwPTEwNi4xNC4zOC41NSZ0ZXJtPTUmcWlkPSZyYXV0aF9lbmFibGU9b2ZmJmNkbmV4X2lkPXFxX3Bob25lX2xpdmUmY2hzPSZkZWY9MSZzPTcyODVmNjNhNzVjNTZkNjViMzM2MGJjMjVkNDcyZjk3JnVpZD0mdXVpZD00NTkyNGQyOWE3NTE3ZWRhODMzNGY2ZDk5NzZjMTRmNi02YTBlMjYzNyZ2PTImYXM9MCZlcz0xNzgwOTIzMzI5/HNYLMPP360.m3u8
湖南经视,http://phoneqq.qing.mgtv.com/nn_live/nn_x64/dWlwPTEwNi4xNC4zOC41NSZ0ZXJtPTUmcWlkPSZyYXV0aF9lbmFibGU9b2ZmJmNkbmV4X2lkPXFxX3Bob25lX2xpdmUmY2hzPSZkZWY9MSZzPTlkYzM1ZDhkNzVmYTQzZDBlODQ4YTRlZTg0ZWJmYjdjJnVpZD0mdXVpZD1kOWY5OTJlNGNhYjNlN2Q1MTQ3MmI4MGVlM2Y4MzhiMS02YTBlMjYzNyZ2PTImYXM9MCZlcz0xNzgwODk4NDI5/HNJSMPP360.m3u8
金鹰纪实频道,https://phoneqq.qing.mgtv.com/nn_live/nn_x64/dWlwPTEwNi4xNC4zOC41NSZ0ZXJtPTUmcWlkPSZyYXV0aF9lbmFibGU9b2ZmJmNkbmV4X2lkPXFxX3Bob25lX2xpdmUmY2hzPSZkZWY9MSZzPWU2MjRhMDc4M2I0NTk4NGUzMTVkMWM4NjQxODM1OWE2JnVpZD0mdXVpZD0yZmIxNTYzZTgxOWY2YTY3YTRlN2VkOTliOGI3OWM0Yy02YTBlMjYzNyZ2PTImYXM9MCZlcz0xNzgwOTE5NzQ4/JYJSMPP360.m3u8
湖南国际频道,http://phoneqq.qing.mgtv.com/nn_live/nn_x64/dWlwPTEwNi4xNC4zOC41NSZ0ZXJtPTUmcWlkPSZyYXV0aF9lbmFibGU9b2ZmJmNkbmV4X2lkPXFxX3Bob25lX2xpdmUmY2hzPSZkZWY9MSZzPWE0NzUzNDI4NzllOTFjMDM1ZjNlZTdiOTAxNTgwMzg5JnVpZD0mdXVpZD05ODk1NTU5MGQ5NmI3MGFiNjFmMWMyNjhjN2M1ZGFlNy02YTBlMjYzNyZ2PTImYXM9MCZlcz0xNzgwOTE5NzU4/HNGJMPP360.m3u8
湖南电视剧,http://phoneqq.qing.mgtv.com/nn_live/nn_x64/dWlwPTEwNi4xNC4zOC41NSZ0ZXJtPTUmcWlkPSZyYXV0aF9lbmFibGU9b2ZmJmNkbmV4X2lkPXFxX3Bob25lX2xpdmUmY2hzPSZkZWY9MSZzPTU0NDFhODljMDYzZmU0M2IzOGQ1ZDM1NDEwNDBiMjg1JnVpZD0mdXVpZD1kMmZlMGZhYjhlOGQ4YTM3MzRlNTgxZmFkYzMzODU5ZS02YTBlMjYzNyZ2PTImYXM9MCZlcz0xNzgwOTE0NDQy/HNDSJMPP360.m3u8
长沙新闻频道,http://phonehwei.qing.mgtv.com/nn_live/nn_x64/dWlwPTEwNi4xNC4zOC41NSZ0ZXJtPTUmcWlkPSZyYXV0aF9lbmFibGU9b2ZmJmNkbmV4X2lkPWh3X3Bob25lJmNocz0mZGVmPTEmcz03M2VmZDM2ZDdlMzczM2MzMDhlNWFlMzAyNjU0NjQ4YiZ1aWQ9JnV1aWQ9MzJhYTM2ODM2YmEzM2RiY2YzMGMxZDVlNjAxYWZmMWMtNmEwZTI2Mzcmdj0yJmFzPTAmZXM9MTc4MDkwNTY4MQ,,/CSXWMPP360.m3u8
澳门卫视,http://61.244.22.4/ch1/ch1.live/playlist.m3u8
Pet Club TV,https://cdn-apse1-prod.tsv2.amagi.tv/linear/amg01076-lightningintern-petclub-samsungnz/playlist.m3u8
Bloomberg TV Asia,http://210.210.155.37/dr9445/h/h03/index.m3u8
KIX,http://210.210.155.37/dr9445/h/h07/index.m3u8
HKS,http://zhibo.hkstv.tv/livestream/mutfysrq/playlist.m3u8
Celestial Movies,http://210.210.155.37/dr9445/h/h14/index.m3u8
tvN Movies Asia,http://210.210.155.37/dr9445/h/h21/index.m3u8
TVB News,http://r.jdshipin.com/CkuBd
Good,https://live.streamingfast.net/osmflivech1.m3u8
Good 2,https://live.streamingfast.net/osmflivech2.m3u8
Beautiful Life TV,https://5ddce30eb4b55.streamlock.net/bltvhd/bltv1/playlist.m3u8
Supreme Master TV,https://lbs-us1.suprememastertv.com/720p.m3u8
TVBS-Asia,http://38.64.72.148/hls/modn/list/4005/playlist.m3u8
Taiwan Plus TV,https://raw.githubusercontent.com/ChiSheng9/iptv/master/TV78.m3u8
Genius Go Go Go,https://raw.githubusercontent.com/ChiSheng9/iptv/master/TV26.m3u8
DaAi 1,https://pulltv1.wanfudaluye.com/live/tv1.m3u8
DaAi 2,https://pulltv2.wanfudaluye.com/live/tv2.m3u8
Dali TV,http://www.dalitv.com.tw:4568/live/dali/index.m3u8
EBC YOYO,https://ythls.armelin.one/channel/UCiWRSesvSYmY7YOyz0tv_zQ.m3u8
CTi News,https://raw.githubusercontent.com/ChiSheng9/iptv/master/TV28.m3u8
FTV News,https://ythls.armelin.one/channel/UC2VmWn8dAqkzlQqvy02E1PA.m3u8
Global News,https://raw.githubusercontent.com/ChiSheng9/iptv/master/TV02.m3u8
SET iNews,https://ythls.armelin.one/channel/UCoNYj9OFHZn3ACmmeRCPwbA.m3u8
TTV News,https://ythls.armelin.one/channel/UC8ROUUjHzEQm-ndb69CX8Ww.m3u8
mnews,https://ythls.armelin.one/channel/UC4LjkybVKXCDlneVXlKAbmw.m3u8
ET Mall 60,https://raw.githubusercontent.com/ChiSheng9/iptv/master/TV18.m3u8
寰宇新闻台,https://raw.githubusercontent.com/ChiSheng9/iptv/master/TV02.m3u8
东森财经新闻,https://raw.githubusercontent.com/ChiSheng9/iptv/master/TV03.m3u8
Momo 1,https://raw.githubusercontent.com/ChiSheng9/iptv/master/TV04.m3u8
Momo 2,https://raw.githubusercontent.com/ChiSheng9/iptv/master/TV05.m3u8
信大,https://raw.githubusercontent.com/ChiSheng9/iptv/master/TV07.m3u8
DW,https://raw.githubusercontent.com/ChiSheng9/iptv/master/TV08.m3u8
中视新闻,https://raw.githubusercontent.com/ChiSheng9/iptv/master/TV09.m3u8
NU,https://raw.githubusercontent.com/ChiSheng9/iptv/master/TV10.m3u8
NU2,https://raw.githubusercontent.com/ChiSheng9/iptv/master/TV14.m3u8
华视HD,https://raw.githubusercontent.com/ChiSheng9/iptv/master/TV12.m3u8
JP1,https://raw.githubusercontent.com/ChiSheng9/iptv/master/TV15.m3u8
KPop,https://raw.githubusercontent.com/ChiSheng9/iptv/master/TV16.m3u8
民视新闻HD,https://raw.githubusercontent.com/ChiSheng9/iptv/master/TV17.m3u8
CCTV-4K 高清,https://live-play-hls.cctvnews.cctv.com/CCTVChannel/channel_cctv4k_mbd.m3u8?auth_key=1780948800-1-b59134a2ead43d7f783f943c8f535e7bb80c5169575b2e8efcd5b3ddea21b41c-79a5b5afa60e1fef6e499575f58c84d4&yid=b59134a2ead43d7f783f943c8f535e7bb80c5169575b2e8efcd5b3ddea21b41c
凤凰资讯,http://api.mg.itv888.cn:8080/hls/11ef1dc70d8/index.m3u8
三沙卫视,https://srs.ssws.tv/video/sstv-10/index.m3u8
