Category: 数字高清, Name: CGTN英语, Total: 1, Valid: 0, Valid Percent: 0.00%, IPv4: 1, IPv6: 0, Min Delay: -1 ms, Max Speed: 0.00 M/s, Avg Speed: 0.00 M/s, Max Resolution: None
Category: 数字高清, Name: 河北4K, Total: 1, Valid: 0, Valid Percent: 0.00%, IPv4: 1, IPv6: 0, Min Delay: -1 ms, Max Speed: 0.00 M/s, Avg Speed: 0.00 M/s, Max Resolution: None
Category: 数字高清, Name: 苏州4K, Total: 2, Valid: 1, Valid Percent: 50.00%, IPv4: 2, IPv6: 0, Min Delay: 1602 ms, Max Speed: 0.62 M/s, Avg Speed: 0.62 M/s, Max Resolution: 3840x2160
Category: 数字高清, Name: 梨园频道, Total: 1, Valid: 0, Valid Percent: 0.00%, IPv4: 1, IPv6: 0, Min Delay: -1 ms, Max Speed: 0.00 M/s, Avg Speed: 0.00 M/s, Max Resolution: None
Category: 数字高清, Name: 文物宝库, Total: 1, Valid: 0, Valid Percent: 0.00%, IPv4: 1, IPv6: 0, Min Delay: -1 ms, Max Speed: 0.00 M/s, Avg Speed: 0.00 M/s, Max Resolution: None
Category: 央视频道, Name: CCTV-1, Total: 17, Valid: 6, Valid Percent: 35.29%, IPv4: 17, IPv6: 0, Min Delay: 1177 ms, Max Speed: 0.83 M/s, Avg Speed: 0.20 M/s, Max Resolution: 1920x1080
Category: 央视频道, Name: CCTV-2, Total: 15, Valid: 6, Valid Percent: 40.00%, IPv4: 15, IPv6: 0, Min Delay: 1013 ms, Max Speed: 4.46 M/s, Avg Speed: 0.79 M/s, Max Resolution: 1920x1080
Category: 央视频道, Name: CCTV-3, Total: 15, Valid: 5, Valid Percent: 33.33%, IPv4: 15, IPv6: 0, Min Delay: 10005 ms, Max Speed: 0.11 M/s, Avg Speed: 0.07 M/s, Max Resolution: 1920x1080
Category: 央视频道, Name: CCTV-4, Total: 19, Valid: 7, Valid Percent: 36.84%, IPv4: 19, IPv6: 0, Min Delay: 446 ms, Max Speed: 1.75 M/s, Avg Speed: 0.69 M/s, Max Resolution: 1920x1080
Category: 央视频道, Name: CCTV-5, Total: 16, Valid: 5, Valid Percent: 31.25%, IPv4: 16, IPv6: 0, Min Delay: 585 ms, Max Speed: 4.78 M/s, Avg Speed: 1.04 M/s, Max Resolution: 1920x1080
Category: 央视频道, Name: CCTV-5+, Total: 18, Valid: 7, Valid Percent: 38.89%, IPv4: 18, IPv6: 0, Min Delay: 554 ms, Max Speed: 7.31 M/s, Avg Speed: 2.86 M/s, Max Resolution: 1920x1080
Category: 央视频道, Name: CCTV-6, Total: 16, Valid: 5, Valid Percent: 31.25%, IPv4: 16, IPv6: 0, Min Delay: 500 ms, Max Speed: 0.10 M/s, Avg Speed: 0.06 M/s, Max Resolution: 1920x1080
Category: 央视频道, Name: CCTV-7, Total: 16, Valid: 5, Valid Percent: 31.25%, IPv4: 16, IPv6: 0, Min Delay: 3923 ms, Max Speed: 0.17 M/s, Avg Speed: 0.08 M/s, Max Resolution: 1920x1080
Category: 央视频道, Name: CCTV-8, Total: 17, Valid: 5, Valid Percent: 29.41%, IPv4: 17, IPv6: 0, Min Delay: 10318 ms, Max Speed: 0.15 M/s, Avg Speed: 0.09 M/s, Max Resolution: 1920x1080
Category: 央视频道, Name: CCTV-9, Total: 20, Valid: 8, Valid Percent: 40.00%, IPv4: 20, IPv6: 0, Min Delay: 454 ms, Max Speed: 2.41 M/s, Avg Speed: 0.65 M/s, Max Resolution: 1920x1080
Category: 央视频道, Name: CCTV-10, Total: 16, Valid: 5, Valid Percent: 31.25%, IPv4: 16, IPv6: 0, Min Delay: 9538 ms, Max Speed: 0.08 M/s, Avg Speed: 0.05 M/s, Max Resolution: 1920x1080
Category: 央视频道, Name: CCTV-11, Total: 15, Valid: 4, Valid Percent: 26.67%, IPv4: 15, IPv6: 0, Min Delay: 3206 ms, Max Speed: 0.10 M/s, Avg Speed: 0.05 M/s, Max Resolution: 1920x1080
Category: 央视频道, Name: CCTV-12, Total: 17, Valid: 7, Valid Percent: 41.18%, IPv4: 17, IPv6: 0, Min Delay: 441 ms, Max Speed: 5.49 M/s, Avg Speed: 1.44 M/s, Max Resolution: 1920x1080
Category: 央视频道, Name: CCTV-13, Total: 16, Valid: 4, Valid Percent: 25.00%, IPv4: 16, IPv6: 0, Min Delay: 4166 ms, Max Speed: 0.12 M/s, Avg Speed: 0.06 M/s, Max Resolution: 1920x1080
Category: 央视频道, Name: CCTV-14, Total: 16, Valid: 6, Valid Percent: 37.50%, IPv4: 16, IPv6: 0, Min Delay: 550 ms, Max Speed: 3.66 M/s, Avg Speed: 1.14 M/s, Max Resolution: 1920x1080
Category: 央视频道, Name: CCTV-15, Total: 16, Valid: 5, Valid Percent: 31.25%, IPv4: 16, IPv6: 0, Min Delay: 555 ms, Max Speed: 2.42 M/s, Avg Speed: 0.53 M/s, Max Resolution: 1920x1080
Category: 央视频道, Name: CETV-2, Total: 1, Valid: 0, Valid Percent: 0.00%, IPv4: 1, IPv6: 0, Min Delay: -1 ms, Max Speed: 0.00 M/s, Avg Speed: 0.00 M/s, Max Resolution: None
Category: 央视频道, Name: CCTV-16, Total: 18, Valid: 4, Valid Percent: 22.22%, IPv4: 18, IPv6: 0, Min Delay: 612 ms, Max Speed: 5.67 M/s, Avg Speed: 2.57 M/s, Max Resolution: 1920x1080
Category: 央视频道, Name: CCTV-17, Total: 13, Valid: 2, Valid Percent: 15.38%, IPv4: 13, IPv6: 0, Min Delay: 10433 ms, Max Speed: 0.13 M/s, Avg Speed: 0.09 M/s, Max Resolution: 1920x1080
Category: 央视频道, Name: CGTN纪录, Total: 3, Valid: 0, Valid Percent: 0.00%, IPv4: 3, IPv6: 0, Min Delay: -1 ms, Max Speed: 0.00 M/s, Avg Speed: 0.00 M/s, Max Resolution: None
Category: 央视频道, Name: CGTN, Total: 6, Valid: 1, Valid Percent: 16.67%, IPv4: 6, IPv6: 0, Min Delay: 10523 ms, Max Speed: 0.10 M/s, Avg Speed: 0.10 M/s, Max Resolution: 720x576
Category: 央视频道, Name: CETV-1, Total: 6, Valid: 0, Valid Percent: 0.00%, IPv4: 6, IPv6: 0, Min Delay: 10647 ms, Max Speed: 0.00 M/s, Avg Speed: 0.00 M/s, Max Resolution: None
Category: 卫视频道, Name: 北京卫视, Total: 15, Valid: 5, Valid Percent: 33.33%, IPv4: 15, IPv6: 0, Min Delay: 727 ms, Max Speed: 5.54 M/s, Avg Speed: 1.21 M/s, Max Resolution: 1920x1080
Category: 卫视频道, Name: 东方卫视, Total: 13, Valid: 6, Valid Percent: 46.15%, IPv4: 13, IPv6: 0, Min Delay: 533 ms, Max Speed: 6.05 M/s, Avg Speed: 1.73 M/s, Max Resolution: 1920x1080
Category: 卫视频道, Name: 浙江卫视, Total: 11, Valid: 3, Valid Percent: 27.27%, IPv4: 11, IPv6: 0, Min Delay: 1037 ms, Max Speed: 1.40 M/s, Avg Speed: 0.58 M/s, Max Resolution: 1920x1080
Category: 卫视频道, Name: 湖南卫视, Total: 19, Valid: 8, Valid Percent: 42.11%, IPv4: 19, IPv6: 0, Min Delay: 309 ms, Max Speed: 6.55 M/s, Avg Speed: 1.88 M/s, Max Resolution: 3840x2160
Category: 卫视频道, Name: 湖北卫视, Total: 14, Valid: 6, Valid Percent: 42.86%, IPv4: 14, IPv6: 0, Min Delay: 796 ms, Max Speed: 6.27 M/s, Avg Speed: 1.90 M/s, Max Resolution: 1920x1080
Category: 卫视频道, Name: 黑龙江卫视, Total: 12, Valid: 5, Valid Percent: 41.67%, IPv4: 12, IPv6: 0, Min Delay: 742 ms, Max Speed: 4.89 M/s, Avg Speed: 1.01 M/s, Max Resolution: 1920x1080
Category: 卫视频道, Name: 海南卫视, Total: 14, Valid: 4, Valid Percent: 28.57%, IPv4: 14, IPv6: 0, Min Delay: 3299 ms, Max Speed: 0.33 M/s, Avg Speed: 0.12 M/s, Max Resolution: 720x576
Category: 卫视频道, Name: 河北卫视, Total: 12, Valid: 5, Valid Percent: 41.67%, IPv4: 12, IPv6: 0, Min Delay: 1941 ms, Max Speed: 0.08 M/s, Avg Speed: 0.05 M/s, Max Resolution: 1920x1080
Category: 卫视频道, Name: 江苏卫视, Total: 13, Valid: 4, Valid Percent: 30.77%, IPv4: 13, IPv6: 0, Min Delay: 10138 ms, Max Speed: 0.41 M/s, Avg Speed: 0.16 M/s, Max Resolution: 1920x1080
Category: 卫视频道, Name: 山东卫视, Total: 12, Valid: 5, Valid Percent: 41.67%, IPv4: 12, IPv6: 0, Min Delay: 10171 ms, Max Speed: 0.20 M/s, Avg Speed: 0.07 M/s, Max Resolution: 1920x1080
Category: 卫视频道, Name: 陕西卫视, Total: 9, Valid: 4, Valid Percent: 44.44%, IPv4: 9, IPv6: 0, Min Delay: 659 ms, Max Speed: 6.54 M/s, Avg Speed: 3.23 M/s, Max Resolution: 1920x1080
Category: 卫视频道, Name: 深圳卫视, Total: 15, Valid: 7, Valid Percent: 46.67%, IPv4: 15, IPv6: 0, Min Delay: 822 ms, Max Speed: 5.38 M/s, Avg Speed: 1.21 M/s, Max Resolution: 1920x1080
Category: 卫视频道, Name: 广东卫视, Total: 14, Valid: 6, Valid Percent: 42.86%, IPv4: 14, IPv6: 0, Min Delay: 312 ms, Max Speed: 5.76 M/s, Avg Speed: 1.34 M/s, Max Resolution: 1920x1080
Category: 卫视频道, Name: 兵团卫视, Total: 7, Valid: 2, Valid Percent: 28.57%, IPv4: 7, IPv6: 0, Min Delay: 10224 ms, Max Speed: 0.05 M/s, Avg Speed: 0.04 M/s, Max Resolution: 720x576
Category: 卫视频道, Name: 安徽卫视, Total: 11, Valid: 6, Valid Percent: 54.55%, IPv4: 11, IPv6: 0, Min Delay: 658 ms, Max Speed: 6.20 M/s, Avg Speed: 1.08 M/s, Max Resolution: 1920x1080
Category: 卫视频道, Name: 重庆卫视, Total: 15, Valid: 6, Valid Percent: 40.00%, IPv4: 15, IPv6: 0, Min Delay: 645 ms, Max Speed: 6.11 M/s, Avg Speed: 2.10 M/s, Max Resolution: 1920x1080
Category: 卫视频道, Name: 东南卫视, Total: 14, Valid: 5, Valid Percent: 35.71%, IPv4: 14, IPv6: 0, Min Delay: 1092 ms, Max Speed: 4.49 M/s, Avg Speed: 0.95 M/s, Max Resolution: 1920x1080
Category: 卫视频道, Name: 甘肃卫视, Total: 13, Valid: 5, Valid Percent: 38.46%, IPv4: 13, IPv6: 0, Min Delay: 625 ms, Max Speed: 5.26 M/s, Avg Speed: 1.15 M/s, Max Resolution: 1920x1080
Category: 卫视频道, Name: 广西卫视, Total: 13, Valid: 7, Valid Percent: 53.85%, IPv4: 13, IPv6: 0, Min Delay: 1037 ms, Max Speed: 4.57 M/s, Avg Speed: 1.48 M/s, Max Resolution: 1920x1080
Category: 卫视频道, Name: 贵州卫视, Total: 14, Valid: 7, Valid Percent: 50.00%, IPv4: 14, IPv6: 0, Min Delay: 421 ms, Max Speed: 1.91 M/s, Avg Speed: 0.61 M/s, Max Resolution: 1920x1080
Category: 卫视频道, Name: 河南卫视, Total: 14, Valid: 6, Valid Percent: 42.86%, IPv4: 14, IPv6: 0, Min Delay: 82 ms, Max Speed: 6.25 M/s, Avg Speed: 1.12 M/s, Max Resolution: 1920x1080
Category: 卫视频道, Name: 吉林卫视, Total: 11, Valid: 5, Valid Percent: 45.45%, IPv4: 11, IPv6: 0, Min Delay: 7698 ms, Max Speed: 0.21 M/s, Avg Speed: 0.07 M/s, Max Resolution: 1920x1080
Category: 卫视频道, Name: 江西卫视, Total: 13, Valid: 6, Valid Percent: 46.15%, IPv4: 13, IPv6: 0, Min Delay: 7794 ms, Max Speed: 0.37 M/s, Avg Speed: 0.11 M/s, Max Resolution: 1920x1080
Category: 卫视频道, Name: 辽宁卫视, Total: 13, Valid: 6, Valid Percent: 46.15%, IPv4: 13, IPv6: 0, Min Delay: 724 ms, Max Speed: 5.35 M/s, Avg Speed: 0.93 M/s, Max Resolution: 1920x1080
Category: 卫视频道, Name: 内蒙古卫视, Total: 12, Valid: 7, Valid Percent: 58.33%, IPv4: 12, IPv6: 0, Min Delay: 673 ms, Max Speed: 6.55 M/s, Avg Speed: 1.18 M/s, Max Resolution: 1920x1080
Category: 卫视频道, Name: 宁夏卫视, Total: 13, Valid: 8, Valid Percent: 61.54%, IPv4: 13, IPv6: 0, Min Delay: 631 ms, Max Speed: 5.89 M/s, Avg Speed: 1.66 M/s, Max Resolution: 1920x1080
Category: 卫视频道, Name: 青海卫视, Total: 7, Valid: 3, Valid Percent: 42.86%, IPv4: 7, IPv6: 0, Min Delay: 692 ms, Max Speed: 6.34 M/s, Avg Speed: 2.14 M/s, Max Resolution: 1920x1080
Category: 卫视频道, Name: 山西卫视, Total: 5, Valid: 2, Valid Percent: 40.00%, IPv4: 5, IPv6: 0, Min Delay: 7211 ms, Max Speed: 0.06 M/s, Avg Speed: 0.04 M/s, Max Resolution: None
Category: 卫视频道, Name: 四川卫视, Total: 12, Valid: 6, Valid Percent: 50.00%, IPv4: 12, IPv6: 0, Min Delay: 700 ms, Max Speed: 6.41 M/s, Avg Speed: 1.14 M/s, Max Resolution: 1920x1080
Category: 卫视频道, Name: 天津卫视, Total: 13, Valid: 7, Valid Percent: 53.85%, IPv4: 13, IPv6: 0, Min Delay: 676 ms, Max Speed: 5.70 M/s, Avg Speed: 0.87 M/s, Max Resolution: 1920x1080
Category: 卫视频道, Name: 新疆卫视, Total: 10, Valid: 5, Valid Percent: 50.00%, IPv4: 10, IPv6: 0, Min Delay: 667 ms, Max Speed: 6.52 M/s, Avg Speed: 1.37 M/s, Max Resolution: 1920x1080
Category: 地方频道, Name: 茶友频道, Total: 1, Valid: 0, Valid Percent: 0.00%, IPv4: 1, IPv6: 0, Min Delay: -1 ms, Max Speed: 0.00 M/s, Avg Speed: 0.00 M/s, Max Resolution: None
Category: 地方频道, Name: 快乐垂钓, Total: 2, Valid: 0, Valid Percent: 0.00%, IPv4: 2, IPv6: 0, Min Delay: -1 ms, Max Speed: 0.00 M/s, Avg Speed: 0.00 M/s, Max Resolution: None
Category: 地方频道, Name: 江苏新闻, Total: 1, Valid: 0, Valid Percent: 0.00%, IPv4: 1, IPv6: 0, Min Delay: -1 ms, Max Speed: 0.00 M/s, Avg Speed: 0.00 M/s, Max Resolution: None
Category: 卫视频道, Name: 西藏卫视, Total: 10, Valid: 3, Valid Percent: 30.00%, IPv4: 10, IPv6: 0, Min Delay: 707 ms, Max Speed: 6.90 M/s, Avg Speed: 2.34 M/s, Max Resolution: 1920x1080
Category: 地方频道, Name: 辽宁影视, Total: 1, Valid: 1, Valid Percent: 100.00%, IPv4: 1, IPv6: 0, Min Delay: 1219 ms, Max Speed: 0.20 M/s, Avg Speed: 0.20 M/s, Max Resolution: 1920x1080
Category: 地方频道, Name: 浙江新闻, Total: 4, Valid: 3, Valid Percent: 75.00%, IPv4: 4, IPv6: 0, Min Delay: 1741 ms, Max Speed: 1.00 M/s, Avg Speed: 0.50 M/s, Max Resolution: 1920x1080
Category: 卫视频道, Name: 云南卫视, Total: 13, Valid: 6, Valid Percent: 46.15%, IPv4: 13, IPv6: 0, Min Delay: 680 ms, Max Speed: 6.12 M/s, Avg Speed: 1.12 M/s, Max Resolution: 1920x1080
Category: 动漫频道, Name: 嘉佳卡通, Total: 1, Valid: 0, Valid Percent: 0.00%, IPv4: 1, IPv6: 0, Min Delay: -1 ms, Max Speed: 0.00 M/s, Avg Speed: 0.00 M/s, Max Resolution: None
Category: 环球频道, Name: 凤凰中文, Total: 3, Valid: 0, Valid Percent: 0.00%, IPv4: 3, IPv6: 0, Min Delay: -1 ms, Max Speed: 0.00 M/s, Avg Speed: 0.00 M/s, Max Resolution: None
Category: 动漫频道, Name: 动漫秀场, Total: 3, Valid: 0, Valid Percent: 0.00%, IPv4: 3, IPv6: 0, Min Delay: -1 ms, Max Speed: 0.00 M/s, Avg Speed: 0.00 M/s, Max Resolution: None
Category: 地方频道, Name: 北京纪实, Total: 2, Valid: 0, Valid Percent: 0.00%, IPv4: 2, IPv6: 0, Min Delay: -1 ms, Max Speed: 0.00 M/s, Avg Speed: 0.00 M/s, Max Resolution: None
Category: 环球频道, Name: 翡翠台, Total: 3, Valid: 0, Valid Percent: 0.00%, IPv4: 3, IPv6: 0, Min Delay: -1 ms, Max Speed: 0.00 M/s, Avg Speed: 0.00 M/s, Max Resolution: None
Category: 动漫频道, Name: 福建少儿, Total: 1, Valid: 0, Valid Percent: 0.00%, IPv4: 1, IPv6: 0, Min Delay: -1 ms, Max Speed: 0.00 M/s, Avg Speed: 0.00 M/s, Max Resolution: None
Category: 地方频道, Name: 上海纪实, Total: 2, Valid: 0, Valid Percent: 0.00%, IPv4: 2, IPv6: 0, Min Delay: -1 ms, Max Speed: 0.00 M/s, Avg Speed: 0.00 M/s, Max Resolution: None
Category: 动漫频道, Name: 浙江少儿, Total: 2, Valid: 1, Valid Percent: 50.00%, IPv4: 2, IPv6: 0, Min Delay: 1068 ms, Max Speed: 0.34 M/s, Avg Speed: 0.34 M/s, Max Resolution: 640x360
Category: 动漫频道, Name: 宁夏少儿, Total: 1, Valid: 0, Valid Percent: 0.00%, IPv4: 1, IPv6: 0, Min Delay: -1 ms, Max Speed: 0.00 M/s, Avg Speed: 0.00 M/s, Max Resolution: None
Category: 动漫频道, Name: 河北少儿, Total: 1, Valid: 1, Valid Percent: 100.00%, IPv4: 1, IPv6: 0, Min Delay: 1895 ms, Max Speed: 0.39 M/s, Avg Speed: 0.39 M/s, Max Resolution: 960x540
Category: 动漫频道, Name: 金鹰卡通, Total: 7, Valid: 3, Valid Percent: 42.86%, IPv4: 7, IPv6: 0, Min Delay: 636 ms, Max Speed: 0.68 M/s, Avg Speed: 0.28 M/s, Max Resolution: 1920x1080
Category: 地方频道, Name: 辽宁都市, Total: 2, Valid: 1, Valid Percent: 50.00%, IPv4: 2, IPv6: 0, Min Delay: 10164 ms, Max Speed: 0.17 M/s, Avg Speed: 0.17 M/s, Max Resolution: 1920x1080
Category: 动漫频道, Name: 广东少儿, Total: 2, Valid: 1, Valid Percent: 50.00%, IPv4: 2, IPv6: 0, Min Delay: 10268 ms, Max Speed: 0.05 M/s, Avg Speed: 0.05 M/s, Max Resolution: None
Category: 动漫频道, Name: 哈哈炫动, Total: 5, Valid: 0, Valid Percent: 0.00%, IPv4: 5, IPv6: 0, Min Delay: -1 ms, Max Speed: 0.00 M/s, Avg Speed: 0.00 M/s, Max Resolution: None
Category: 动漫频道, Name: 海南少儿, Total: 1, Valid: 0, Valid Percent: 0.00%, IPv4: 1, IPv6: 0, Min Delay: -1 ms, Max Speed: 0.00 M/s, Avg Speed: 0.00 M/s, Max Resolution: None
